Arguments: 
  /usr/local/bin/node /usr/local/bin/yarn add vue

PATH: 
  /Users/charlesbondjedoue/.dotnet/tools:/Users/charlesbondjedoue/.cargo/bin/:/Users/charlesbondjedoue/.composer/vendor/bin:/usr/local/opt/php/sbin:/usr/local/opt/php/bin:/Volumes/Data/wwwroot/core/Packages/vendor/bin:/Users/charlesbondjedoue/Library/Android/sdk/platform-tools:/Volumes/Data/Dev/PHP/balafon2/src/Lib/igk/bin:/usr/local/opt/mysql-client/bin:/usr/local/share/dotnet:/Users/charlesbondjedoue/bin:/usr/local/Cellar/mysql-client/8.0.21/bin:/usr/local/opt/php@8.0/sbin:/usr/local/opt/php@8.0/bin:/Applications/Visual Studio Code.app/Contents/Resources/app/bin:/usr/local/bin:/usr/bin:/bin:/usr/sbin:/sbin:/Library/Apple/usr/bin:/Volumes/Data/programs/flutter/bin:/Volumes/Data/Dev/FMEG/ffmpeg

Yarn version: 
  1.22.19

Node version: 
  20.5.1

Platform: 
  darwin x64

Trace: 
  Error: getaddrinfo ENOTFOUND registry.yarnpkg.com
      at GetAddrInfoReqWrap.onlookupall [as oncomplete] (node:dns:118:26)

npm manifest: 
  {
    "name": "server-module",
    "version": "1.0.0",
    "description": "",
    "main": "main.js",
    "type":"module",
    "scripts": {
      "test": "echo \"Error: no test specified\" && exit 1"
    },
    "author": "",
    "license": "ISC"
  }

yarn manifest: 
  No manifest

Lockfile: 
  No lockfile
